<?xml version="1.0" encoding="UTF-8"?>
<testsuite xmlns:xsi="http://www.w3.org/2001/XMLSchema-instance" xsi:noNamespaceSchemaLocation="https://maven.apache.org/surefire/maven-surefire-plugin/xsd/surefire-test-report-3.0.xsd" version="3.0" name="com.hit.project.ProjectApplicationTests" time="6.32" tests="1" errors="0" skipped="0" failures="0">
  <properties>
[...]
</properties>
  <testcase name="contextLoads" classname="com.hit.project.ProjectApplicationTests" time="1.495">
    <system-out><![CDATA[19:57:31.684 [main] INFO org.springframework.test.context.support.AnnotationConfigContextLoaderUtils -- Could not detect default configuration classes for test class [com.hit.project.ProjectApplicationTests]: ProjectApplicationTests does not declare any static, non-private, non-final, nested classes annotated with @Configuration.
19:57:31.855 [main] INFO org.springframework.boot.test.context.SpringBootTestContextBootstrapper -- Found @SpringBootConfiguration com.hit.project.ProjectApplication for test class com.hit.project.ProjectApplicationTests
  .   ____          _            __ _ _
 /\\ / ___'_ __ _ _(_)_ __  __ _ \ \ \ \
( ( )\___ | '_ | '_| | '_ \/ _` | \ \ \ \
 \\/  ___)| |_)| | | | | || (_| |  ) ) ) )
  '  |____| .__|_| |_|_| |_\__, | / / / /
 =========|_|==============|___/=/_/_/_/

 :: Spring Boot ::                (v3.3.0)

2024-06-27T19:57:32.537+08:00  INFO 24540 --- [Project] [           main] c.hit.project.ProjectApplicationTests    : Starting ProjectApplicationTests using Java 17.0.2 with PID 24540 (started by DELL in D:\AA学习用文件夹\软件工程\实验\PicWizard\PicWizard\backend\Project)
2024-06-27T19:57:32.539+08:00  INFO 24540 --- [Project] [           main] c.hit.project.ProjectApplicationTests    : No active profile set, falling back to 1 default profile: "default"
2024-06-27T19:57:35.248+08:00  INFO 24540 --- [Project] [           main] o.s.b.a.w.s.WelcomePageHandlerMapping    : Adding welcome page: class path resource [static/index.html]
2024-06-27T19:57:36.206+08:00  INFO 24540 --- [Project] [           main] c.hit.project.ProjectApplicationTests    : Started ProjectApplicationTests in 4.101 seconds (process running for 5.526)
]]></system-out>
    <system-err><![CDATA[SLF4J(W): Class path contains multiple SLF4J providers.
SLF4J(W): Found provider [ch.qos.logback.classic.spi.LogbackServiceProvider@79079097]
SLF4J(W): Found provider [org.slf4j.simple.SimpleServiceProvider@4d1c00d0]
SLF4J(W): See https://www.slf4j.org/codes.html#multiple_bindings for an explanation.
SLF4J(I): Actual provider is of type [ch.qos.logback.classic.spi.LogbackServiceProvider@79079097]
]]></system-err>
  </testcase>
</testsuite>